2025-04-17 21:08:19,453 - INFO - Starting main function
2025-04-17 21:08:19,453 - INFO - Converting NIfTI /Users/francoisramon/Desktop/These/neuroguessr/data/xtract.nii.gz to OBJ /Users/francoisramon/Desktop/These/neuroguessr/data/atlas_mesh.obj
2025-04-17 21:08:19,566 - DEBUG - NIfTI data shape: (182, 218, 182), unique values: [ 0  1  2  3  4  5  6  7  8  9 10 11 12 13 14 15 16 17 18 19 20 21 22 23
 24 25 26 27 28 29 30 31 32 33 34 35 36 37 38 39 40 41 42]
2025-04-17 21:08:19,576 - DEBUG - After thresholding (>= 1): 521310 voxels are 1
2025-04-17 21:08:19,683 - DEBUG - Mesh generated: 262604 vertices, 527446 faces
2025-04-17 21:08:21,678 - DEBUG - 5 items cleared from cache: ['edges_face', 'edges', 'triangles', 'triangles_cross', 'mass_properties']
2025-04-17 21:08:23,489 - DEBUG - Mesh smoothed
2025-04-17 21:08:23,507 - DEBUG - 5 items cleared from cache: ['edges_face', 'edges', 'triangles', 'triangles_cross', 'mass_properties']
2025-04-17 21:08:23,898 - DEBUG - Mesh cleaned: 262604 vertices, 527446 faces
2025-04-17 21:08:23,911 - DEBUG - Exporting 527446 faces as OBJ
2025-04-17 21:08:24,583 - INFO - OBJ file saved to /Users/francoisramon/Desktop/These/neuroguessr/data/atlas_mesh.obj
2025-04-17 21:08:24,711 - INFO - Initializing MeshViewer
2025-04-17 21:08:24,822 - INFO - Setting up scene with OBJ path: /Users/francoisramon/Desktop/These/neuroguessr/data/atlas_mesh.obj
2025-04-17 21:08:24,823 - DEBUG - Camera configured
2025-04-17 21:08:24,823 - DEBUG - Camera controller configured
2025-04-17 21:08:24,824 - DEBUG - Mesh source set to: file:///Users/francoisramon/Desktop/These/neuroguessr/data/atlas_mesh.obj
2025-04-17 21:08:24,825 - DEBUG - Mesh entity configured
2025-04-17 21:08:24,825 - ERROR - Error in setup_scene: QForwardRenderer(parent: Optional[QNode] = None): argument 1 has unexpected type 'Qt3DWindow'
2025-04-17 21:08:24,825 - ERROR - Error in MeshViewer.__init__: QForwardRenderer(parent: Optional[QNode] = None): argument 1 has unexpected type 'Qt3DWindow'
2025-04-17 21:08:24,825 - ERROR - Error in main: QForwardRenderer(parent: Optional[QNode] = None): argument 1 has unexpected type 'Qt3DWindow'
2025-04-17 21:09:42,990 - INFO - Starting main function
2025-04-17 21:09:42,990 - INFO - Converting NIfTI /Users/francoisramon/Desktop/These/neuroguessr/data/xtract.nii.gz to OBJ /Users/francoisramon/Desktop/These/neuroguessr/data/atlas_mesh.obj
2025-04-17 21:09:43,104 - DEBUG - NIfTI data shape: (182, 218, 182), unique values: [ 0  1  2  3  4  5  6  7  8  9 10 11 12 13 14 15 16 17 18 19 20 21 22 23
 24 25 26 27 28 29 30 31 32 33 34 35 36 37 38 39 40 41 42]
2025-04-17 21:09:43,107 - DEBUG - After thresholding (>= 1): 521310 voxels are 1
2025-04-17 21:09:43,203 - DEBUG - Mesh generated: 262604 vertices, 527446 faces
2025-04-17 21:09:45,248 - DEBUG - 5 items cleared from cache: ['edges_face', 'edges', 'triangles', 'triangles_cross', 'mass_properties']
2025-04-17 21:09:47,118 - DEBUG - Mesh smoothed
2025-04-17 21:09:47,135 - DEBUG - 5 items cleared from cache: ['edges_face', 'edges', 'triangles', 'triangles_cross', 'mass_properties']
2025-04-17 21:09:47,480 - DEBUG - Mesh cleaned: 262604 vertices, 527446 faces
2025-04-17 21:09:47,489 - DEBUG - Exporting 527446 faces as OBJ
2025-04-17 21:09:48,119 - INFO - OBJ file saved to /Users/francoisramon/Desktop/These/neuroguessr/data/atlas_mesh.obj
2025-04-17 21:09:48,253 - INFO - Initializing MeshViewer
2025-04-17 21:09:48,367 - INFO - Setting up scene with OBJ path: /Users/francoisramon/Desktop/These/neuroguessr/data/atlas_mesh.obj
2025-04-17 21:09:48,367 - DEBUG - Camera configured
2025-04-17 21:09:48,367 - DEBUG - Camera controller configured
2025-04-17 21:09:48,368 - DEBUG - Mesh source set to: file:///Users/francoisramon/Desktop/These/neuroguessr/data/atlas_mesh.obj
2025-04-17 21:09:48,369 - DEBUG - Mesh entity configured
2025-04-17 21:09:48,369 - ERROR - Error in setup_scene: 'Qt3DWindow' object has no attribute 'surface'
2025-04-17 21:09:48,369 - ERROR - Error in MeshViewer.__init__: 'Qt3DWindow' object has no attribute 'surface'
2025-04-17 21:09:48,369 - ERROR - Error in main: 'Qt3DWindow' object has no attribute 'surface'
2025-04-17 21:18:58,048 - INFO - Starting main function
2025-04-17 21:18:58,048 - INFO - Converting NIfTI /Users/francoisramon/Desktop/These/neuroguessr/data/xtract.nii.gz to OBJ /Users/francoisramon/Desktop/These/neuroguessr/data/atlas_mesh.obj
2025-04-17 21:18:58,148 - DEBUG - NIfTI data shape: (182, 218, 182), unique values: [ 0  1  2  3  4  5  6  7  8  9 10 11 12 13 14 15 16 17 18 19 20 21 22 23
 24 25 26 27 28 29 30 31 32 33 34 35 36 37 38 39 40 41 42]
2025-04-17 21:18:58,151 - DEBUG - After thresholding (>= 1): 521310 voxels are 1
2025-04-17 21:18:58,235 - DEBUG - Mesh generated: 262604 vertices, 527446 faces
2025-04-17 21:19:00,057 - DEBUG - 5 items cleared from cache: ['edges_face', 'edges', 'triangles', 'triangles_cross', 'mass_properties']
2025-04-17 21:19:01,738 - DEBUG - Mesh smoothed
2025-04-17 21:19:01,754 - DEBUG - 5 items cleared from cache: ['edges_face', 'edges', 'triangles', 'triangles_cross', 'mass_properties']
2025-04-17 21:19:02,049 - DEBUG - Mesh cleaned: 262604 vertices, 527446 faces
2025-04-17 21:19:02,055 - DEBUG - Exporting 527446 faces as OBJ
2025-04-17 21:19:02,636 - INFO - OBJ file saved to /Users/francoisramon/Desktop/These/neuroguessr/data/atlas_mesh.obj
2025-04-17 21:19:02,637 - INFO - Crosshair coordinates set to NIfTI center: [91, 109, 91]
2025-04-17 21:19:02,737 - INFO - Initializing MeshViewer
2025-04-17 21:19:02,835 - INFO - Setting up scene with OBJ path: /Users/francoisramon/Desktop/These/neuroguessr/data/atlas_mesh.obj, crosshair at [91, 109, 91]
2025-04-17 21:19:02,836 - DEBUG - Camera configured
2025-04-17 21:19:02,836 - DEBUG - Camera controller configured
2025-04-17 21:19:02,837 - DEBUG - Mesh source set to: file:///Users/francoisramon/Desktop/These/neuroguessr/data/atlas_mesh.obj
2025-04-17 21:19:02,837 - DEBUG - Mesh entity configured
2025-04-17 21:19:02,838 - DEBUG - Crosshair world coordinates: [ -1. -17.  19.]
2025-04-17 21:19:02,838 - DEBUG - Crosshair (lines and sphere) configured
2025-04-17 21:19:02,839 - ERROR - Error in setup_scene: 'Qt3DWindow' object has no attribute 'surface'
2025-04-17 21:19:02,839 - ERROR - Error in MeshViewer.__init__: 'Qt3DWindow' object has no attribute 'surface'
2025-04-17 21:19:02,839 - ERROR - Error in main: 'Qt3DWindow' object has no attribute 'surface'
2025-04-17 21:20:33,742 - INFO - Starting main function
2025-04-17 21:20:33,743 - INFO - Converting NIfTI /Users/francoisramon/Desktop/These/neuroguessr/data/xtract.nii.gz to OBJ /Users/francoisramon/Desktop/These/neuroguessr/data/atlas_mesh.obj
2025-04-17 21:20:33,837 - DEBUG - NIfTI data shape: (182, 218, 182), unique values: [ 0  1  2  3  4  5  6  7  8  9 10 11 12 13 14 15 16 17 18 19 20 21 22 23
 24 25 26 27 28 29 30 31 32 33 34 35 36 37 38 39 40 41 42]
2025-04-17 21:20:33,839 - DEBUG - After thresholding (>= 1): 521310 voxels are 1
2025-04-17 21:20:33,922 - DEBUG - Mesh generated: 262604 vertices, 527446 faces
2025-04-17 21:20:35,773 - DEBUG - 5 items cleared from cache: ['edges_face', 'edges', 'triangles', 'triangles_cross', 'mass_properties']
2025-04-17 21:20:37,408 - DEBUG - Mesh smoothed
2025-04-17 21:20:37,424 - DEBUG - 5 items cleared from cache: ['edges_face', 'edges', 'triangles', 'triangles_cross', 'mass_properties']
2025-04-17 21:20:37,718 - DEBUG - Mesh cleaned: 262604 vertices, 527446 faces
2025-04-17 21:20:37,725 - DEBUG - Exporting 527446 faces as OBJ
2025-04-17 21:20:38,317 - INFO - OBJ file saved to /Users/francoisramon/Desktop/These/neuroguessr/data/atlas_mesh.obj
2025-04-17 21:20:38,319 - INFO - Crosshair coordinates set to NIfTI center: [91, 109, 91]
2025-04-17 21:20:38,429 - INFO - Initializing MeshViewer
2025-04-17 21:20:38,533 - INFO - Setting up scene with OBJ path: /Users/francoisramon/Desktop/These/neuroguessr/data/atlas_mesh.obj, crosshair at [91, 109, 91]
2025-04-17 21:20:38,534 - DEBUG - Camera configured
2025-04-17 21:20:38,535 - DEBUG - Camera controller configured
2025-04-17 21:20:38,535 - DEBUG - Mesh source set to: file:///Users/francoisramon/Desktop/These/neuroguessr/data/atlas_mesh.obj
2025-04-17 21:20:38,537 - DEBUG - Mesh entity configured
2025-04-17 21:20:38,537 - DEBUG - Crosshair world coordinates: [ -1. -17.  19.]
2025-04-17 21:20:38,537 - DEBUG - Crosshair (lines and sphere) configured
2025-04-17 21:20:38,538 - DEBUG - Frame graph configured
2025-04-17 21:20:38,538 - DEBUG - Root entity set
2025-04-17 21:20:38,559 - INFO - GUI displayed
2025-04-17 21:22:05,161 - INFO - Starting main function
2025-04-17 21:22:05,161 - INFO - Converting NIfTI /Users/francoisramon/Desktop/These/neuroguessr/data/xtract.nii.gz to OBJ /Users/francoisramon/Desktop/These/neuroguessr/data/atlas_mesh.obj
2025-04-17 21:22:05,261 - DEBUG - NIfTI data shape: (182, 218, 182), unique values: [ 0  1  2  3  4  5  6  7  8  9 10 11 12 13 14 15 16 17 18 19 20 21 22 23
 24 25 26 27 28 29 30 31 32 33 34 35 36 37 38 39 40 41 42]
2025-04-17 21:22:05,264 - DEBUG - After thresholding (>= 1): 521310 voxels are 1
2025-04-17 21:22:05,348 - DEBUG - Mesh generated: 262604 vertices, 527446 faces
2025-04-17 21:22:07,176 - DEBUG - 5 items cleared from cache: ['edges_face', 'edges', 'triangles', 'triangles_cross', 'mass_properties']
2025-04-17 21:22:08,840 - DEBUG - Mesh smoothed
2025-04-17 21:22:08,856 - DEBUG - 5 items cleared from cache: ['edges_face', 'edges', 'triangles', 'triangles_cross', 'mass_properties']
2025-04-17 21:22:09,146 - DEBUG - Mesh cleaned: 262604 vertices, 527446 faces
2025-04-17 21:22:09,151 - DEBUG - Exporting 527446 faces as OBJ
2025-04-17 21:22:09,701 - INFO - OBJ file saved to /Users/francoisramon/Desktop/These/neuroguessr/data/atlas_mesh.obj
2025-04-17 21:22:09,703 - INFO - Crosshair coordinates set to NIfTI center: [47, 77, 114]
2025-04-17 21:22:09,798 - INFO - Initializing MeshViewer
2025-04-17 21:22:09,895 - INFO - Setting up scene with OBJ path: /Users/francoisramon/Desktop/These/neuroguessr/data/atlas_mesh.obj, crosshair at [47, 77, 114]
2025-04-17 21:22:09,895 - DEBUG - Camera configured
2025-04-17 21:22:09,895 - DEBUG - Camera controller configured
2025-04-17 21:22:09,895 - DEBUG - Mesh source set to: file:///Users/francoisramon/Desktop/These/neuroguessr/data/atlas_mesh.obj
2025-04-17 21:22:09,896 - DEBUG - Mesh entity configured
2025-04-17 21:22:09,896 - DEBUG - Crosshair world coordinates: [ 43. -49.  42.]
2025-04-17 21:22:09,896 - DEBUG - Crosshair (lines and sphere) configured
2025-04-17 21:22:09,896 - DEBUG - Frame graph configured
2025-04-17 21:22:09,896 - DEBUG - Root entity set
2025-04-17 21:22:09,920 - INFO - GUI displayed
2025-04-17 21:23:40,066 - INFO - Starting main function
2025-04-17 21:23:40,066 - INFO - Converting NIfTI /Users/francoisramon/Desktop/These/neuroguessr/data/xtract.nii.gz to OBJ /Users/francoisramon/Desktop/These/neuroguessr/data/atlas_mesh.obj
2025-04-17 21:23:40,169 - DEBUG - NIfTI data shape: (182, 218, 182), unique values: [ 0  1  2  3  4  5  6  7  8  9 10 11 12 13 14 15 16 17 18 19 20 21 22 23
 24 25 26 27 28 29 30 31 32 33 34 35 36 37 38 39 40 41 42]
2025-04-17 21:23:40,171 - DEBUG - After thresholding (>= 1): 521310 voxels are 1
2025-04-17 21:23:40,258 - DEBUG - Mesh generated: 262604 vertices, 527446 faces
2025-04-17 21:23:42,086 - DEBUG - 5 items cleared from cache: ['edges_face', 'edges', 'triangles', 'triangles_cross', 'mass_properties']
2025-04-17 21:23:43,775 - DEBUG - Mesh smoothed
2025-04-17 21:23:43,790 - DEBUG - 5 items cleared from cache: ['edges_face', 'edges', 'triangles', 'triangles_cross', 'mass_properties']
2025-04-17 21:23:44,082 - DEBUG - Mesh cleaned: 262604 vertices, 527446 faces
2025-04-17 21:23:44,092 - DEBUG - Exporting 527446 faces as OBJ
2025-04-17 21:23:44,657 - INFO - OBJ file saved to /Users/francoisramon/Desktop/These/neuroguessr/data/atlas_mesh.obj
2025-04-17 21:23:44,659 - INFO - Crosshair coordinates set to NIfTI center: [47, 77, 114]
2025-04-17 21:23:44,770 - INFO - Initializing MeshViewer
2025-04-17 21:23:44,868 - INFO - Setting up scene with OBJ path: /Users/francoisramon/Desktop/These/neuroguessr/data/atlas_mesh.obj, crosshair at [47, 77, 114]
2025-04-17 21:23:44,868 - DEBUG - Camera configured
2025-04-17 21:23:44,868 - DEBUG - Camera controller configured
2025-04-17 21:23:44,868 - DEBUG - Mesh source set to: file:///Users/francoisramon/Desktop/These/neuroguessr/data/atlas_mesh.obj
2025-04-17 21:23:44,869 - DEBUG - Mesh entity configured
2025-04-17 21:23:44,869 - DEBUG - Crosshair world coordinates: [ 43. -49.  42.]
2025-04-17 21:23:44,870 - DEBUG - Crosshair (lines and sphere) configured
2025-04-17 21:23:44,870 - DEBUG - Frame graph configured
2025-04-17 21:23:44,870 - DEBUG - Root entity set
2025-04-17 21:23:44,890 - INFO - GUI displayed
2025-04-17 21:24:41,808 - INFO - Starting main function
2025-04-17 21:24:41,809 - INFO - Converting NIfTI /Users/francoisramon/Desktop/These/neuroguessr/data/xtract.nii.gz to OBJ /Users/francoisramon/Desktop/These/neuroguessr/data/atlas_mesh.obj
2025-04-17 21:24:41,910 - DEBUG - NIfTI data shape: (182, 218, 182), unique values: [ 0  1  2  3  4  5  6  7  8  9 10 11 12 13 14 15 16 17 18 19 20 21 22 23
 24 25 26 27 28 29 30 31 32 33 34 35 36 37 38 39 40 41 42]
2025-04-17 21:24:41,913 - DEBUG - After thresholding (>= 1): 521310 voxels are 1
2025-04-17 21:24:41,995 - DEBUG - Mesh generated: 262604 vertices, 527446 faces
2025-04-17 21:24:43,780 - DEBUG - 5 items cleared from cache: ['edges_face', 'edges', 'triangles', 'triangles_cross', 'mass_properties']
2025-04-17 21:24:45,434 - DEBUG - Mesh smoothed
2025-04-17 21:24:45,450 - DEBUG - 5 items cleared from cache: ['edges_face', 'edges', 'triangles', 'triangles_cross', 'mass_properties']
2025-04-17 21:24:45,741 - DEBUG - Mesh cleaned: 262604 vertices, 527446 faces
2025-04-17 21:24:45,764 - DEBUG - Exporting 527446 faces as OBJ
2025-04-17 21:24:46,341 - INFO - OBJ file saved to /Users/francoisramon/Desktop/These/neuroguessr/data/atlas_mesh.obj
2025-04-17 21:24:46,343 - INFO - Crosshair coordinates set to NIfTI center: [47, 77, 114]
2025-04-17 21:24:46,453 - INFO - Initializing MeshViewer
2025-04-17 21:24:46,555 - INFO - Setting up scene with OBJ path: /Users/francoisramon/Desktop/These/neuroguessr/data/atlas_mesh.obj, crosshair at [47, 77, 114]
2025-04-17 21:24:46,555 - DEBUG - Camera controller configured
2025-04-17 21:24:46,556 - DEBUG - Mesh source set to: file:///Users/francoisramon/Desktop/These/neuroguessr/data/atlas_mesh.obj
2025-04-17 21:24:46,557 - DEBUG - Mesh entity configured
2025-04-17 21:24:46,557 - DEBUG - Crosshair world coordinates: [ 43. -49.  42.]
2025-04-17 21:24:46,558 - DEBUG - Crosshair (lines and sphere) configured
2025-04-17 21:24:46,558 - DEBUG - Frame graph configured
2025-04-17 21:24:46,558 - DEBUG - Root entity set
2025-04-17 21:24:46,582 - INFO - GUI displayed
2025-04-17 21:25:52,165 - INFO - Starting main function
2025-04-17 21:25:52,165 - INFO - Converting NIfTI /Users/francoisramon/Desktop/These/neuroguessr/data/xtract.nii.gz to OBJ /Users/francoisramon/Desktop/These/neuroguessr/data/atlas_mesh.obj
2025-04-17 21:25:52,265 - DEBUG - NIfTI data shape: (182, 218, 182), unique values: [ 0  1  2  3  4  5  6  7  8  9 10 11 12 13 14 15 16 17 18 19 20 21 22 23
 24 25 26 27 28 29 30 31 32 33 34 35 36 37 38 39 40 41 42]
2025-04-17 21:25:52,268 - DEBUG - After thresholding (>= 1): 521310 voxels are 1
2025-04-17 21:25:52,350 - DEBUG - Mesh generated: 262604 vertices, 527446 faces
2025-04-17 21:25:54,159 - DEBUG - 5 items cleared from cache: ['edges_face', 'edges', 'triangles', 'triangles_cross', 'mass_properties']
2025-04-17 21:25:55,818 - DEBUG - Mesh smoothed
2025-04-17 21:25:55,833 - DEBUG - 5 items cleared from cache: ['edges_face', 'edges', 'triangles', 'triangles_cross', 'mass_properties']
2025-04-17 21:25:56,131 - DEBUG - Mesh cleaned: 262604 vertices, 527446 faces
2025-04-17 21:25:56,138 - DEBUG - Exporting 527446 faces as OBJ
2025-04-17 21:25:56,673 - INFO - OBJ file saved to /Users/francoisramon/Desktop/These/neuroguessr/data/atlas_mesh.obj
2025-04-17 21:25:56,674 - INFO - Crosshair coordinates set to NIfTI center: [91, 109, 91]
2025-04-17 21:25:56,793 - INFO - Initializing MeshViewer
2025-04-17 21:25:56,894 - INFO - Setting up scene with OBJ path: /Users/francoisramon/Desktop/These/neuroguessr/data/atlas_mesh.obj, crosshair at [91, 109, 91]
2025-04-17 21:25:56,895 - DEBUG - Camera controller configured
2025-04-17 21:25:56,895 - DEBUG - Mesh source set to: file:///Users/francoisramon/Desktop/These/neuroguessr/data/atlas_mesh.obj
2025-04-17 21:25:56,896 - DEBUG - Mesh entity configured
2025-04-17 21:25:56,897 - DEBUG - Crosshair world coordinates: [ -1. -17.  19.]
2025-04-17 21:25:56,897 - DEBUG - Crosshair (lines and sphere) configured
2025-04-17 21:25:56,898 - DEBUG - Frame graph configured
2025-04-17 21:25:56,898 - DEBUG - Root entity set
2025-04-17 21:25:56,928 - INFO - GUI displayed
2025-04-17 21:28:29,186 - INFO - Starting main function
2025-04-17 21:28:29,186 - INFO - Converting NIfTI /Users/francoisramon/Desktop/These/neuroguessr/data/xtract.nii.gz to OBJ /Users/francoisramon/Desktop/These/neuroguessr/data/atlas_mesh.obj
2025-04-17 21:28:29,283 - DEBUG - NIfTI data shape: (182, 218, 182), unique values: [ 0  1  2  3  4  5  6  7  8  9 10 11 12 13 14 15 16 17 18 19 20 21 22 23
 24 25 26 27 28 29 30 31 32 33 34 35 36 37 38 39 40 41 42]
2025-04-17 21:28:29,286 - DEBUG - After thresholding (>= 1): 521310 voxels are 1
2025-04-17 21:28:29,372 - DEBUG - Mesh generated: 262604 vertices, 527446 faces
2025-04-17 21:28:31,157 - DEBUG - 5 items cleared from cache: ['edges_face', 'edges', 'triangles', 'triangles_cross', 'mass_properties']
2025-04-17 21:28:32,777 - DEBUG - Mesh smoothed
2025-04-17 21:28:32,792 - DEBUG - 5 items cleared from cache: ['edges_face', 'edges', 'triangles', 'triangles_cross', 'mass_properties']
2025-04-17 21:28:33,081 - DEBUG - Mesh cleaned: 262604 vertices, 527446 faces
2025-04-17 21:28:33,087 - DEBUG - Exporting 527446 faces as OBJ
2025-04-17 21:28:33,631 - INFO - OBJ file saved to /Users/francoisramon/Desktop/These/neuroguessr/data/atlas_mesh.obj
2025-04-17 21:28:33,632 - INFO - Crosshair coordinates set to NIfTI center: [91, 109, 91]
2025-04-17 21:28:33,735 - INFO - Initializing MeshViewer
2025-04-17 21:28:33,829 - INFO - Setting up scene with OBJ path: /Users/francoisramon/Desktop/These/neuroguessr/data/atlas_mesh.obj, crosshair at [91, 109, 91]
2025-04-17 21:28:33,829 - DEBUG - Mesh source set to: file:///Users/francoisramon/Desktop/These/neuroguessr/data/atlas_mesh.obj
2025-04-17 21:28:33,830 - DEBUG - Mesh entity configured
2025-04-17 21:28:33,830 - DEBUG - Crosshair world coordinates: [ -1. -17.  19.]
2025-04-17 21:28:33,830 - DEBUG - Crosshair (lines and sphere) configured
2025-04-17 21:28:33,831 - DEBUG - Frame graph configured
2025-04-17 21:28:33,831 - DEBUG - Root entity set
2025-04-17 21:28:33,853 - INFO - GUI displayed
2025-04-17 21:28:59,759 - INFO - Starting main function
2025-04-17 21:28:59,759 - INFO - Converting NIfTI /Users/francoisramon/Desktop/These/neuroguessr/data/xtract.nii.gz to OBJ /Users/francoisramon/Desktop/These/neuroguessr/data/atlas_mesh.obj
2025-04-17 21:28:59,857 - DEBUG - NIfTI data shape: (182, 218, 182), unique values: [ 0  1  2  3  4  5  6  7  8  9 10 11 12 13 14 15 16 17 18 19 20 21 22 23
 24 25 26 27 28 29 30 31 32 33 34 35 36 37 38 39 40 41 42]
2025-04-17 21:28:59,860 - DEBUG - After thresholding (>= 1): 521310 voxels are 1
2025-04-17 21:28:59,942 - DEBUG - Mesh generated: 262604 vertices, 527446 faces
2025-04-17 21:29:01,721 - DEBUG - 5 items cleared from cache: ['edges_face', 'edges', 'triangles', 'triangles_cross', 'mass_properties']
2025-04-17 21:29:03,370 - DEBUG - Mesh smoothed
2025-04-17 21:29:03,385 - DEBUG - 5 items cleared from cache: ['edges_face', 'edges', 'triangles', 'triangles_cross', 'mass_properties']
2025-04-17 21:29:03,672 - DEBUG - Mesh cleaned: 262604 vertices, 527446 faces
2025-04-17 21:29:03,677 - DEBUG - Exporting 527446 faces as OBJ
2025-04-17 21:29:04,232 - INFO - OBJ file saved to /Users/francoisramon/Desktop/These/neuroguessr/data/atlas_mesh.obj
2025-04-17 21:29:04,234 - INFO - Crosshair coordinates set to NIfTI center: [91, 109, 91]
2025-04-17 21:29:04,313 - INFO - Initializing MeshViewer
2025-04-17 21:29:04,398 - INFO - Setting up scene with OBJ path: /Users/francoisramon/Desktop/These/neuroguessr/data/atlas_mesh.obj, crosshair at [91, 109, 91]
2025-04-17 21:29:04,398 - DEBUG - Mesh source set to: file:///Users/francoisramon/Desktop/These/neuroguessr/data/atlas_mesh.obj
2025-04-17 21:29:04,399 - DEBUG - Mesh entity configured
2025-04-17 21:29:04,399 - DEBUG - Crosshair world coordinates: [ -1. -17.  19.]
2025-04-17 21:29:04,399 - DEBUG - Crosshair (lines and sphere) configured
2025-04-17 21:29:04,399 - DEBUG - Frame graph configured
2025-04-17 21:29:04,399 - DEBUG - Root entity set
2025-04-17 21:29:04,426 - INFO - GUI displayed
2025-04-17 21:44:40,494 - INFO - Starting main function
2025-04-17 21:44:40,494 - INFO - Converting NIfTI /Users/francoisramon/Desktop/These/neuroguessr/data/xtract.nii.gz to OBJ /Users/francoisramon/Desktop/These/neuroguessr/data/atlas_mesh.obj
2025-04-17 21:44:40,589 - DEBUG - NIfTI data shape: (182, 218, 182), unique values: [ 0  1  2  3  4  5  6  7  8  9 10 11 12 13 14 15 16 17 18 19 20 21 22 23
 24 25 26 27 28 29 30 31 32 33 34 35 36 37 38 39 40 41 42]
2025-04-17 21:44:40,591 - DEBUG - After thresholding (>= 1): 521310 voxels are 1
2025-04-17 21:44:40,681 - DEBUG - Mesh generated: 262604 vertices, 527446 faces
2025-04-17 21:44:42,530 - DEBUG - 5 items cleared from cache: ['edges_face', 'edges', 'triangles', 'triangles_cross', 'mass_properties']
2025-04-17 21:44:44,251 - DEBUG - Mesh smoothed
2025-04-17 21:44:44,266 - DEBUG - 5 items cleared from cache: ['edges_face', 'edges', 'triangles', 'triangles_cross', 'mass_properties']
2025-04-17 21:44:44,565 - DEBUG - Mesh cleaned: 262604 vertices, 527446 faces
2025-04-17 21:44:44,570 - DEBUG - Exporting 527446 faces as OBJ
2025-04-17 21:44:45,121 - INFO - OBJ file saved to /Users/francoisramon/Desktop/These/neuroguessr/data/atlas_mesh.obj
2025-04-17 21:44:45,123 - INFO - Crosshair coordinates set to NIfTI center: [91, 109, 91]
2025-04-17 21:44:45,233 - INFO - Initializing MeshViewer
2025-04-17 21:44:45,333 - INFO - Setting up scene with OBJ path: /Users/francoisramon/Desktop/These/neuroguessr/data/atlas_mesh.obj, crosshair at [91, 109, 91]
2025-04-17 21:44:45,334 - DEBUG - Mesh source set to: file:///Users/francoisramon/Desktop/These/neuroguessr/data/atlas_mesh.obj
2025-04-17 21:44:45,334 - DEBUG - Mesh entity configured
2025-04-17 21:44:45,334 - DEBUG - Crosshair world coordinates: [ -1. -17.  19.]
2025-04-17 21:44:45,335 - DEBUG - Crosshair (lines and sphere) configured
2025-04-17 21:44:45,335 - DEBUG - Frame graph configured
2025-04-17 21:44:45,335 - DEBUG - Root entity set
2025-04-17 21:44:45,362 - INFO - GUI displayed
